<?xml version="1.0" encoding="UTF-8"?>
<testng-results ignored="0" total="1" passed="1" failed="0" skipped="0">
  <reporter-output>
  </reporter-output>
  <suite started-at="2023-06-10T23:07:59 IST" name="Suite" finished-at="2023-06-10T23:08:09 IST" duration-ms="10055">
    <groups>
    </groups>
    <test started-at="2023-06-10T23:07:59 IST" name="Test" finished-at="2023-06-10T23:08:09 IST" duration-ms="10055">
      <class name="TestCasePackage.Get_TestClass">
        <test-method signature="execute()[pri:0, instance:TestCasePackage.Get_TestClass@352c1b98]" started-at="2023-06-10T23:07:59 IST" name="execute" finished-at="2023-06-10T23:08:09 IST" duration-ms="9936" status="PASS">
          <reporter-output>
          </reporter-output>
        </test-method> <!-- execute -->
      </class> <!-- TestCasePackage.Get_TestClass -->
    </test> <!-- Test -->
  </suite> <!-- Suite -->
</testng-results>
